
=== Sat Aug 17 14:06:32 2019

Packages were changed.
Update Mode: mergeDefaultDependencies

The following packages were added:
  com.unity.analytics@3.2.2
  com.unity.purchasing@2.0.6
  com.unity.ads@2.0.8
  com.unity.package-manager-ui@2.2.0
  com.unity.ext.nunit@1.0.0
  com.unity.test-framework@1.0.12
  com.unity.ide.vscode@1.0.4
  com.unity.ide.visualstudio@1.0.5
  com.unity.ide.rider@1.0.4
  com.unity.modules.androidjni@1.0.0
The following packages were updated:
  com.unity.collab-proxy from version 1.2.9 to 1.2.16
  com.unity.timeline from version 0.0.0-builtin to 1.0.0

=== Fri Dec 27 16:56:10 2024

Packages were changed.
Update Mode: updateDependencies

The following packages were added:
  com.unity.ai.navigation@1.1.5
The following packages were updated:
  com.unity.ads from version 2.0.8 to 4.4.2
  com.unity.analytics from version 3.2.2 to 3.8.1
  com.unity.cinemachine from version 2.3.4 to 2.10.1
  com.unity.collab-proxy from version 1.2.16 to 2.5.1
  com.unity.ext.nunit from version 1.0.0 to 1.0.6
  com.unity.ide.rider from version 1.0.4 to 3.0.31
  com.unity.ide.visualstudio from version 1.0.5 to 2.0.22
  com.unity.ide.vscode from version 1.0.4 to 1.2.5
  com.unity.purchasing from version 2.0.6 to 4.11.0
  com.unity.test-framework from version 1.0.12 to 1.1.33
  com.unity.textmeshpro from version 1.3.0 to 3.0.7
  com.unity.timeline from version 1.0.0 to 1.7.6
The following packages were removed:
  com.unity.package-manager-ui@2.2.0
